<?xml version="1.0" encoding="UTF-8"?>
<robot generator="Robot 5.0.1 (Python 3.10.6 on win32)" generated="20220905 21:29:32.716" rpa="false" schemaversion="3">
<suite id="s1" name="Tads Testes" source="C:\Users\fer-m\Documents\ENG SOFT 2\tads_testes.robot">
<test id="s1-t1" name="CADE DE TESTE : Fazer login" line="24">
<kw name="Abrir o Navegador" library="tads_resources" type="SETUP">
<kw name="Open Browser" library="SeleniumLibrary">
<arg>browser=${BROWSER}</arg>
<doc>Opens a new browser instance to the optional ``url``.</doc>
<msg timestamp="20220905 21:29:33.046" level="INFO">Opening browser 'chrome' to base url 'None'.</msg>
<status status="PASS" starttime="20220905 21:29:33.046" endtime="20220905 21:29:34.608"/>
</kw>
<kw name="Maximize Browser Window" library="SeleniumLibrary">
<doc>Maximizes current browser window.</doc>
<status status="PASS" starttime="20220905 21:29:34.608" endtime="20220905 21:29:34.729"/>
</kw>
<status status="PASS" starttime="20220905 21:29:33.045" endtime="20220905 21:29:34.729"/>
</kw>
<kw name="Acessar site do TADS &quot;${URL}&quot;" library="tads_resources" sourcename="Acessar site do TADS &quot;${SITE_TADS}&quot;">
<kw name="Go To" library="SeleniumLibrary">
<arg>${SITE_TADS}</arg>
<doc>Navigates the current browser window to the provided ``url``.</doc>
<msg timestamp="20220905 21:29:34.732" level="INFO">Opening url 'https://siga.ufpr.br/portal/'</msg>
<status status="PASS" starttime="20220905 21:29:34.732" endtime="20220905 21:29:42.579"/>
</kw>
<status status="PASS" starttime="20220905 21:29:34.731" endtime="20220905 21:29:42.579"/>
</kw>
<kw name="Inserir no login" library="tads_resources">
<kw name="Input Text" library="SeleniumLibrary">
<arg>name=login</arg>
<arg>${USERNAME}</arg>
<doc>Types the given ``text`` into the text field identified by ``locator``.</doc>
<msg timestamp="20220905 21:29:42.580" level="INFO">Typing text '08364103946' into text field 'name=login'.</msg>
<status status="PASS" starttime="20220905 21:29:42.580" endtime="20220905 21:29:42.717"/>
</kw>
<kw name="Input Password" library="SeleniumLibrary">
<arg>name=password</arg>
<arg>${PASSWORD}</arg>
<doc>Types the given password into the text field identified by ``locator``.</doc>
<msg timestamp="20220905 21:29:42.717" level="INFO">Typing password into text field 'name=password'.</msg>
<msg timestamp="20220905 21:29:42.768" level="INFO">Temporally setting log level to: NONE</msg>
<msg timestamp="20220905 21:29:42.831" level="INFO">Log level changed from NONE to INFO.</msg>
<status status="PASS" starttime="20220905 21:29:42.717" endtime="20220905 21:29:42.831"/>
</kw>
<status status="PASS" starttime="20220905 21:29:42.580" endtime="20220905 21:29:42.831"/>
</kw>
<doc>Fazer login</doc>
<tag>estagio</tag>
<status status="PASS" starttime="20220905 21:29:33.043" endtime="20220905 21:29:42.832"/>
</test>
<doc>Esta suíte de testes verifica o site do TADS</doc>
<status status="PASS" starttime="20220905 21:29:32.718" endtime="20220905 21:29:42.833"/>
</suite>
<statistics>
<total>
<stat pass="1" fail="0" skip="0">All Tests</stat>
</total>
<tag>
<stat pass="1" fail="0" skip="0">estagio</stat>
</tag>
<suite>
<stat pass="1" fail="0" skip="0" id="s1" name="Tads Testes">Tads Testes</stat>
</suite>
</statistics>
<errors>
<msg timestamp="20220905 21:29:33.039" level="ERROR">Error in file 'C:\Users\fer-m\Documents\ENG SOFT 2\tads_testes.robot' on line 4: Variable file 'config.py' does not exist.</msg>
</errors>
</robot>
