<?xml version="1.0" encoding="UTF-8"?>
<robot generator="Robot 5.0.1 (Python 3.8.1 on win32)" generated="20220906 16:21:25.117" rpa="false" schemaversion="3">
<suite id="s1" name="Tads Testes" source="H:\Meu Drive\Faculdade\4 PERÍODO\ENG SOFT 2\siga-test\tads_testes.robot">
<test id="s1-t1" name="CASE DE TESTE : Fazer login" line="13">
<kw name="Abrir o Navegador" library="tads_resources" type="SETUP">
<kw name="Open Browser" library="SeleniumLibrary">
<arg>browser=${BROWSER}</arg>
<doc>Opens a new browser instance to the optional ``url``.</doc>
<msg timestamp="20220906 16:21:25.377" level="INFO">Opening browser 'chrome' to base url 'None'.</msg>
<status status="PASS" starttime="20220906 16:21:25.377" endtime="20220906 16:21:27.069"/>
</kw>
<kw name="Maximize Browser Window" library="SeleniumLibrary">
<doc>Maximizes current browser window.</doc>
<status status="PASS" starttime="20220906 16:21:27.070" endtime="20220906 16:21:27.207"/>
</kw>
<status status="PASS" starttime="20220906 16:21:25.377" endtime="20220906 16:21:27.207"/>
</kw>
<kw name="Acessar site do SIGA &quot;${URL}&quot;" library="tads_resources" sourcename="Acessar site do SIGA &quot;${SITE_SIGA}&quot;">
<kw name="Go To" library="SeleniumLibrary">
<arg>${SITE_SIGA}</arg>
<doc>Navigates the current browser window to the provided ``url``.</doc>
<msg timestamp="20220906 16:21:27.212" level="INFO">Opening url 'https://www.prppg.ufpr.br/siga/'</msg>
<status status="PASS" starttime="20220906 16:21:27.211" endtime="20220906 16:21:28.193"/>
</kw>
<kw name="Wait Until Element Is Visible" library="SeleniumLibrary">
<arg>locator=${LOGO_SIGA}</arg>
<doc>Waits until the element ``locator`` is visible.</doc>
<status status="PASS" starttime="20220906 16:21:28.194" endtime="20220906 16:21:28.240"/>
</kw>
<status status="PASS" starttime="20220906 16:21:27.208" endtime="20220906 16:21:28.241"/>
</kw>
<kw name="Realizar login" library="tads_resources">
<kw name="Input Text" library="SeleniumLibrary">
<arg>name=login</arg>
<arg>${USERNAME}</arg>
<doc>Types the given ``text`` into the text field identified by ``locator``.</doc>
<msg timestamp="20220906 16:21:28.246" level="INFO">Typing text '08364103946' into text field 'name=login'.</msg>
<status status="PASS" starttime="20220906 16:21:28.244" endtime="20220906 16:21:28.358"/>
</kw>
<kw name="Input Password" library="SeleniumLibrary">
<arg>name=password</arg>
<arg>${PASSWORD}</arg>
<doc>Types the given password into the text field identified by ``locator``.</doc>
<msg timestamp="20220906 16:21:28.359" level="INFO">Typing password into text field 'name=password'.</msg>
<msg timestamp="20220906 16:21:28.401" level="INFO">Temporally setting log level to: NONE</msg>
<msg timestamp="20220906 16:21:28.459" level="INFO">Log level changed from NONE to INFO.</msg>
<status status="PASS" starttime="20220906 16:21:28.358" endtime="20220906 16:21:28.459"/>
</kw>
<kw name="Wait Until Element Is Visible" library="SeleniumLibrary">
<arg>locator=${LOGIN_BTN}</arg>
<doc>Waits until the element ``locator`` is visible.</doc>
<status status="PASS" starttime="20220906 16:21:28.459" endtime="20220906 16:21:28.488"/>
</kw>
<kw name="Clicar no Botão Acessar" library="tads_resources">
<kw name="Click Element" library="SeleniumLibrary">
<arg>locator=${LOGIN_BTN}</arg>
<doc>Click the element identified by ``locator``.</doc>
<msg timestamp="20220906 16:21:28.490" level="INFO">Clicking element '//button[@type="submit"]'.</msg>
<status status="PASS" starttime="20220906 16:21:28.489" endtime="20220906 16:21:28.713"/>
</kw>
<status status="PASS" starttime="20220906 16:21:28.489" endtime="20220906 16:21:28.713"/>
</kw>
<status status="PASS" starttime="20220906 16:21:28.243" endtime="20220906 16:21:28.713"/>
</kw>
<doc>Fazer login no site SIGA</doc>
<tag>login</tag>
<status status="PASS" starttime="20220906 16:21:25.375" endtime="20220906 16:21:28.714"/>
</test>
<doc>Esta suíte de testes verifica o site do SIGA</doc>
<status status="PASS" starttime="20220906 16:21:25.123" endtime="20220906 16:21:28.716"/>
</suite>
<statistics>
<total>
<stat pass="1" fail="0" skip="0">All Tests</stat>
</total>
<tag>
<stat pass="1" fail="0" skip="0">login</stat>
</tag>
<suite>
<stat pass="1" fail="0" skip="0" id="s1" name="Tads Testes">Tads Testes</stat>
</suite>
</statistics>
<errors>
</errors>
</robot>
