<?xml version="1.0" encoding="UTF-8"?>
<robot generator="Robot 5.0.1 (Python 3.10.6 on win32)" generated="20220906 19:25:52.844" rpa="false" schemaversion="3">
<suite id="s1" name="Siga Testes" source="C:\Users\fer-m\Documents\ENG SOFT 2\siga_testes.robot">
<test id="s1-t1" name="CASE DE TESTE : Fazer login" line="12">
<kw name="Abrir o Navegador" library="siga_resources" type="SETUP">
<kw name="Open Browser" library="SeleniumLibrary">
<arg>browser=${BROWSER}</arg>
<doc>Opens a new browser instance to the optional ``url``.</doc>
<msg timestamp="20220906 19:25:53.262" level="INFO">Opening browser 'chrome' to base url 'None'.</msg>
<status status="PASS" starttime="20220906 19:25:53.261" endtime="20220906 19:25:54.677"/>
</kw>
<kw name="Maximize Browser Window" library="SeleniumLibrary">
<doc>Maximizes current browser window.</doc>
<status status="PASS" starttime="20220906 19:25:54.678" endtime="20220906 19:25:54.805"/>
</kw>
<status status="PASS" starttime="20220906 19:25:53.261" endtime="20220906 19:25:54.806"/>
</kw>
<kw name="Acessar site do SIGA &quot;${URL}&quot;" library="siga_resources" sourcename="Acessar site do SIGA &quot;${SITE_SIGA}&quot;">
<kw name="Go To" library="SeleniumLibrary">
<arg>${SITE_SIGA}</arg>
<doc>Navigates the current browser window to the provided ``url``.</doc>
<msg timestamp="20220906 19:25:54.807" level="INFO">Opening url 'https://www.prppg.ufpr.br/siga/'</msg>
<status status="PASS" starttime="20220906 19:25:54.807" endtime="20220906 19:25:55.834"/>
</kw>
<kw name="Wait Until Element Is Visible" library="SeleniumLibrary">
<arg>locator=${LOGO_SIGA}</arg>
<doc>Waits until the element ``locator`` is visible.</doc>
<status status="PASS" starttime="20220906 19:25:55.835" endtime="20220906 19:25:55.874"/>
</kw>
<status status="PASS" starttime="20220906 19:25:54.806" endtime="20220906 19:25:55.875"/>
</kw>
<kw name="Realizar login" library="siga_resources">
<kw name="Input Text" library="SeleniumLibrary">
<arg>name=login</arg>
<arg>${USERNAME}</arg>
<doc>Types the given ``text`` into the text field identified by ``locator``.</doc>
<msg timestamp="20220906 19:25:55.877" level="INFO">Typing text '08364103946' into text field 'name=login'.</msg>
<status status="PASS" starttime="20220906 19:25:55.876" endtime="20220906 19:25:55.986"/>
</kw>
<kw name="Input Password" library="SeleniumLibrary">
<arg>name=password</arg>
<arg>${PASSWORD}</arg>
<doc>Types the given password into the text field identified by ``locator``.</doc>
<msg timestamp="20220906 19:25:55.986" level="INFO">Typing password into text field 'name=password'.</msg>
<msg timestamp="20220906 19:25:56.033" level="INFO">Temporally setting log level to: NONE</msg>
<msg timestamp="20220906 19:25:56.085" level="INFO">Log level changed from NONE to INFO.</msg>
<status status="PASS" starttime="20220906 19:25:55.986" endtime="20220906 19:25:56.085"/>
</kw>
<kw name="Wait Until Element Is Visible" library="SeleniumLibrary">
<arg>locator=${LOGIN_BTN}</arg>
<doc>Waits until the element ``locator`` is visible.</doc>
<status status="PASS" starttime="20220906 19:25:56.085" endtime="20220906 19:25:56.114"/>
</kw>
<kw name="Clicar no Botão Acessar" library="siga_resources">
<kw name="Click Element" library="SeleniumLibrary">
<arg>locator=${LOGIN_BTN}</arg>
<doc>Click the element identified by ``locator``.</doc>
<msg timestamp="20220906 19:25:56.115" level="INFO">Clicking element '//button[@type="submit"]'.</msg>
<status status="PASS" starttime="20220906 19:25:56.114" endtime="20220906 19:25:56.374"/>
</kw>
<status status="PASS" starttime="20220906 19:25:56.114" endtime="20220906 19:25:56.375"/>
</kw>
<status status="PASS" starttime="20220906 19:25:55.876" endtime="20220906 19:25:56.375"/>
</kw>
<kw name="Fechar o Navegador" library="siga_resources" type="TEARDOWN">
<kw name="Close Browser" library="SeleniumLibrary">
<doc>Closes the current browser.</doc>
<status status="PASS" starttime="20220906 19:25:56.377" endtime="20220906 19:25:58.554"/>
</kw>
<status status="PASS" starttime="20220906 19:25:56.376" endtime="20220906 19:25:58.554"/>
</kw>
<doc>Fazer login no site SIGA</doc>
<tag>login</tag>
<status status="PASS" starttime="20220906 19:25:53.259" endtime="20220906 19:25:58.555"/>
</test>
<test id="s1-t2" name="CASE DE TESTE : Listar perfis de acesso" line="18">
<kw name="Abrir o Navegador" library="siga_resources" type="SETUP">
<kw name="Open Browser" library="SeleniumLibrary">
<arg>browser=${BROWSER}</arg>
<doc>Opens a new browser instance to the optional ``url``.</doc>
<msg timestamp="20220906 19:25:58.558" level="INFO">Opening browser 'chrome' to base url 'None'.</msg>
<status status="PASS" starttime="20220906 19:25:58.558" endtime="20220906 19:25:59.963"/>
</kw>
<kw name="Maximize Browser Window" library="SeleniumLibrary">
<doc>Maximizes current browser window.</doc>
<status status="PASS" starttime="20220906 19:25:59.963" endtime="20220906 19:26:00.099"/>
</kw>
<status status="PASS" starttime="20220906 19:25:58.557" endtime="20220906 19:26:00.100"/>
</kw>
<kw name="Acessar site do SIGA &quot;${URL}&quot;" library="siga_resources" sourcename="Acessar site do SIGA &quot;${SITE_SIGA}&quot;">
<kw name="Go To" library="SeleniumLibrary">
<arg>${SITE_SIGA}</arg>
<doc>Navigates the current browser window to the provided ``url``.</doc>
<msg timestamp="20220906 19:26:00.104" level="INFO">Opening url 'https://www.prppg.ufpr.br/siga/'</msg>
<status status="PASS" starttime="20220906 19:26:00.104" endtime="20220906 19:26:01.147"/>
</kw>
<kw name="Wait Until Element Is Visible" library="SeleniumLibrary">
<arg>locator=${LOGO_SIGA}</arg>
<doc>Waits until the element ``locator`` is visible.</doc>
<status status="PASS" starttime="20220906 19:26:01.147" endtime="20220906 19:26:01.218"/>
</kw>
<status status="PASS" starttime="20220906 19:26:00.103" endtime="20220906 19:26:01.219"/>
</kw>
<kw name="Realizar login" library="siga_resources">
<kw name="Input Text" library="SeleniumLibrary">
<arg>name=login</arg>
<arg>${USERNAME}</arg>
<doc>Types the given ``text`` into the text field identified by ``locator``.</doc>
<msg timestamp="20220906 19:26:01.221" level="INFO">Typing text '08364103946' into text field 'name=login'.</msg>
<msg timestamp="20220906 19:26:04.984" level="WARN">Keyword 'Capture Page Screenshot' could not be run on failure: Execution terminated by signal</msg>
<msg timestamp="20220906 19:26:04.989" level="FAIL">WebDriverException: Message: chrome not reachable
  (Session info: chrome=105.0.5195.102)
Stacktrace:
Backtrace:
	Ordinal0 [0x00EDDF13+2219795]
	Ordinal0 [0x00E72841+1779777]
	Ordinal0 [0x00D84100+803072]
	Ordinal0 [0x00D79BF2+760818]
	Ordinal0 [0x00D6D30F+709391]
	Ordinal0 [0x00D71122+725282]
	Ordinal0 [0x00D75699+743065]
	Ordinal0 [0x00D85610+808464]
	Ordinal0 [0x00DDE93A+1173818]
	Ordinal0 [0x00DCE616+1107478]
	Ordinal0 [0x00DA7F89+950153]
	Ordinal0 [0x00DA8F56+954198]
	GetHandleVerifier [0x011D2CB2+3040210]
	GetHandleVerifier [0x011C2BB4+2974420]
	GetHandleVerifier [0x00F76A0A+565546]
	GetHandleVerifier [0x00F75680+560544]
	Ordinal0 [0x00E79A5C+1808988]
	Ordinal0 [0x00E7E3A8+1827752]
	Ordinal0 [0x00E7E495+1827989]
	Ordinal0 [0x00E880A4+1867940]
	BaseThreadInitThunk [0x75D76739+25]
	RtlGetFullPathName_UEx [0x772790AF+1215]
	RtlGetFullPathName_UEx [0x7727907D+1165]
</msg>
<status status="FAIL" starttime="20220906 19:26:01.220" endtime="20220906 19:26:05.036"/>
</kw>
<kw name="Input Password" library="SeleniumLibrary">
<arg>name=password</arg>
<arg>${PASSWORD}</arg>
<doc>Types the given password into the text field identified by ``locator``.</doc>
<status status="NOT RUN" starttime="20220906 19:26:05.037" endtime="20220906 19:26:05.037"/>
</kw>
<kw name="Wait Until Element Is Visible" library="SeleniumLibrary">
<arg>locator=${LOGIN_BTN}</arg>
<doc>Waits until the element ``locator`` is visible.</doc>
<status status="NOT RUN" starttime="20220906 19:26:05.037" endtime="20220906 19:26:05.037"/>
</kw>
<kw name="Clicar no Botão Acessar" library="siga_resources">
<status status="NOT RUN" starttime="20220906 19:26:05.037" endtime="20220906 19:26:05.037"/>
</kw>
<status status="FAIL" starttime="20220906 19:26:01.220" endtime="20220906 19:26:05.038"/>
</kw>
<kw name="Verificar se aparece na página perfil de acesso &quot;CELIN&quot;" library="siga_resources" sourcename="Verificar se aparece na página perfil de acesso &quot;${NOME_PERFIL}&quot;">
<status status="NOT RUN" starttime="20220906 19:26:05.039" endtime="20220906 19:26:05.039"/>
</kw>
<kw name="Verificar se aparece na página perfil de acesso &quot;Graduação&quot;" library="siga_resources" sourcename="Verificar se aparece na página perfil de acesso &quot;${NOME_PERFIL}&quot;">
<status status="NOT RUN" starttime="20220906 19:26:05.040" endtime="20220906 19:26:05.040"/>
</kw>
<kw name="Verificar se aparece na página perfil de acesso &quot;SISPRO: Parcerias e Extensão&quot;" library="siga_resources" sourcename="Verificar se aparece na página perfil de acesso &quot;${NOME_PERFIL}&quot;">
<status status="NOT RUN" starttime="20220906 19:26:05.041" endtime="20220906 19:26:05.041"/>
</kw>
<kw name="Fechar o Navegador" library="siga_resources" type="TEARDOWN">
<kw name="Close Browser" library="SeleniumLibrary">
<doc>Closes the current browser.</doc>
<errors>
<msg timestamp="20220906 19:26:04.984" level="WARN">Keyword 'Capture Page Screenshot' could not be run on failure: Execution terminated by signal</msg>
<msg timestamp="20220906 19:26:09.110" level="ERROR">Execution stopped by user.</msg>
</errors>
</robot>
